<?xml version="1.0" encoding="UTF-8"?>
<!-- Generated by org.testng.reporters.JUnitXMLReporter -->
<testsuite ignored="0" hostname="DESKTOP-14N1F2H" failures="0" tests="4" name="Annotations" time="0.059" errors="0" timestamp="2023-09-11T21:25:28 EDT">
  <testcase classname="testNG.Annotations" name="testOne" time="0.009"/>
  <testcase classname="testNG.Annotations" name="testTwo" time="0.002"/>
  <testcase classname="testNG.TestAnnotations" name="testThree" time="0.001"/>
  <testcase classname="testNG.TestAnnotations" name="testFour" time="0.001"/>
</testsuite> <!-- Annotations -->
