<?xml version="1.0" encoding="UTF-8"?>
<!-- Generated by org.testng.reporters.JUnitXMLReporter -->
<testsuite ignored="0" hostname="DESKTOP-14N1F2H" failures="0" tests="5" name="grouping" time="0.054" errors="0" timestamp="2023-10-23T00:23:06 EDT">
  <testcase classname="testNG.Grouping" name="testFifth" time="0.008"/>
  <testcase classname="testNG.Grouping" name="testFour" time="0.002"/>
  <testcase classname="testNG.Grouping" name="testOne" time="0.002"/>
  <testcase classname="testNG.Grouping" name="testThree" time="0.001"/>
  <testcase classname="testNG.Grouping" name="testTwo" time="0.0"/>
</testsuite> <!-- grouping -->
